=================== FEFFIT RESULTS ====================
[[Statistics]]
   nvarys, npts       =  4, 104
   n_independent      =  15.260
   chi_square         =  112.91671
   reduced chi_square =  10.027875
   r-factor           =  0.0027218
   Akaike info crit   =  38.541883
   Bayesian info crit =  41.442898
 
[[Data]]
   fit space          = 'r'
   r-range            = 1.400, 3.000
   k-range            = 3.000, 17.000
   k window, dk       = 'kaiser', 4.000
   paths used in fit  = ['feffcu01.dat']
   k-weight           = 2
   epsilon_k          = Array(mean=6.1910e-4, std=0.0016545)
   epsilon_r          = 0.0208085
   n_independent      = 15.260
 
[[Variables]]
   amp            =  0.9315590 +/- 0.0391633   (init=  1.0000000)
   del_e0         =  4.3577673 +/- 0.5113492   (init=  0.0000000)
   del_r          = -0.0060167 +/- 0.0026133   (init=  0.0000000)
   sig2           =  0.0086697 +/- 3.0785e-4   (init=  0.0000000)
 
[[Correlations]]    (unreported correlations are <  0.100)
   amp, sig2            =  0.928
   del_e0, del_r        =  0.920
   del_r, sig2          =  0.159
   amp, del_r           =  0.137
 
[[Paths]]
 = Path 'p3tf6mewgr' = Cu K Edge
    feffdat file = feffcu01.dat, from feff run ''
    geometry  atom      x        y        z      ipot
              Cu       0.0000,  0.0000,  0.0000  0 (absorber)
              Cu       0.0000, -1.8016,  1.8016  1
     reff   =  2.5478000
     degen  =  12.000000
     n*s02  =  0.9315590 +/- 0.0391633  := 'amp'
     e0     =  4.3577673 +/- 0.5113492  := 'del_e0'
     r      =  2.5417833 +/- 0.0026133  := 'reff + del_r'
     deltar = -0.0060167 +/- 0.0026133  := 'del_r'
     sigma2 =  0.0086697 +/- 3.0785e-4  := 'sig2'

=======================================================
