=================== FEFFIT RESULTS ====================
[[Statistics]]
   nvarys, npts       = 8, 648
   n_independent      = 28.311
   chi_square         = 24.9558
   reduced chi_square = 1.22869
   r-factor           = 0.00581
   Akaike info crit   = 12.4288
   Bayesian info crit = 23.1748
 
[[Data]]
   fit space          = 'r'
   r-range            = 1.400, 4.700
   k-range            = 3.000, 16.000
   k window, dk       = 'kaiser', 5.000
   paths used in fit  = ['Feff_Cu/feff0001.dat', 'Feff_Cu/feff0002.dat', 'Feff_Cu/feff0003.dat', 'Feff_Cu/feff0004.dat', 'Feff_Cu/feff0005.dat', 'Feff_Cu/feff0006.dat', 'Feff_Cu/feff0007.dat', 'Feff_Cu/feff0008.dat', 'Feff_Cu/feff0009.dat', 'Feff_Cu/feff0010.dat', 'Feff_Cu/feff0011.dat', 'Feff_Cu/feff0012.dat', 'Feff_Cu/feff0013.dat']
   k-weight           = 2, 1, 3
   epsilon_k          = Array(mean=0.002849, std=0.007836), Array(mean=0.002849, std=0.007836), Array(mean=0.002849, std=0.007836)
   epsilon_r          = 0.082300, 0.006619, 1.113027
   n_independent      = 28.311
 
[[Variables]]
   alpha          = -0.000716 +/- 0.000570   (init=  0.000000)
   delr_p1        = -0.003647 +/- 0.002902  = 'alpha*reff'
   delr_p2        = -0.003647 +/- 0.002902  = 'alpha*reff'
   delr_p3        = -0.003647 +/- 0.002902  = 'alpha*reff'
   delr_p4        = -0.003647 +/- 0.002902  = 'alpha*reff'
   delr_p5        = -0.003647 +/- 0.002902  = 'alpha*reff'
   delr_p6        = -0.003647 +/- 0.002902  = 'alpha*reff'
   e0             =  3.363356 +/- 0.368929   (init=  4.000000)
   e01            =  4.719632 +/- 0.495235   (init=  4.000000)
   s02            =  0.957522 +/- 0.045614   (init=  1.000000)
   sig2_p1        =  0.008895 +/- 0.000392   (init=  0.002000)
   sig2_p2        =  0.014544 +/- 0.001691   (init=  0.002000)
   sig2_p3        =  0.011720 +/- 0.000627   (init=  0.002000)
   sig2_p4        =  0.011720 +/- 0.000627  = 'sig2_p3'
   sig2_p5        =  0.011720 +/- 0.000627  = 'sig2_p3'
   sig2_p6        =  0.008166 +/- 0.001839   (init=  0.002000)
 
[[Correlations]]    (unreported correlations are <  0.100)
   s02, sig2_p1         =  0.921
   alpha, e01           =  0.894
   alpha, e0            =  0.680
   s02, sig2_p3         =  0.634
   e0, e01              =  0.628
   sig2_p1, sig2_p3     =  0.582
   s02, sig2_p6         =  0.369
   sig2_p1, sig2_p6     =  0.342
   s02, sig2_p2         =  0.275
   sig2_p1, sig2_p2     =  0.257
   alpha, sig2_p1       =  0.174
   alpha, s02           =  0.168
   sig2_p2, sig2_p6     =  0.141
   e0, sig2_p2          = -0.130
   alpha, sig2_p6       =  0.123
 
[[Paths]]
   Path pfh2ced6i, Feff.dat file = Feff_Cu/feff0001.dat
     atom      x        y        z       ipot
      Cu       0.0000,  0.0000,  0.0000  0 (absorber)
      Cu       0.0000, -1.8016,  1.8016  1
     reff   =  2.54780
     degen  =  12.000000
     n*s02  =  0.957522 +/- 0.045614  's02'
     e0     =  4.719632 +/- 0.495235  'e01'
     r      =  2.544153  'reff + delr_p1'
     deltar = -0.003647  'delr_p1'
     sigma2 =  0.008895 +/- 0.000392  'sig2_p1'

   Path pe3tkyh7w, Feff.dat file = Feff_Cu/feff0002.dat
     atom      x        y        z       ipot
      Cu       0.0000,  0.0000,  0.0000  0 (absorber)
      Cu      -3.6032,  0.0000,  0.0000  1
     reff   =  3.60320
     degen  =  6.000000
     n*s02  =  0.957522 +/- 0.045614  's02'
     e0     =  3.363356 +/- 0.368929  'e0'
     r      =  3.599553  'reff + delr_p2'
     deltar = -0.003647  'delr_p2'
     sigma2 =  0.014544 +/- 0.001691  'sig2_p2'

   Path pkky2qtk6, Feff.dat file = Feff_Cu/feff0003.dat
     atom      x        y        z       ipot
      Cu       0.0000,  0.0000,  0.0000  0 (absorber)
      Cu       1.8016, -1.8016,  0.0000  1
      Cu       1.8016,  0.0000, -1.8016  1
     reff   =  3.82180
     degen  =  48.000000
     n*s02  =  0.957522 +/- 0.045614  's02'
     e0     =  3.363356 +/- 0.368929  'e0'
     r      =  3.818153  'reff + delr_p3'
     deltar = -0.003647  'delr_p3'
     sigma2 =  0.011720 +/- 0.000627  'sig2_p3'

   Path pvcqzemy3, Feff.dat file = Feff_Cu/feff0004.dat
     atom      x        y        z       ipot
      Cu       0.0000,  0.0000,  0.0000  0 (absorber)
      Cu       0.0000,  0.0000, -3.6032  1
      Cu       0.0000,  1.8016, -1.8016  1
     reff   =  4.34940
     degen  =  48.000000
     n*s02  =  0.957522 +/- 0.045614  's02'
     e0     =  3.363356 +/- 0.368929  'e0'
     r      =  4.345753  'reff + delr_p4'
     deltar = -0.003647  'delr_p4'
     sigma2 =  0.011720  'sig2_p4'

   Path psgntsms2, Feff.dat file = Feff_Cu/feff0005.dat
     atom      x        y        z       ipot
      Cu       0.0000,  0.0000,  0.0000  0 (absorber)
      Cu      -3.6032,  1.8016,  1.8016  1
     reff   =  4.41300
     degen  =  24.000000
     n*s02  =  0.957522 +/- 0.045614  's02'
     e0     =  3.363356 +/- 0.368929  'e0'
     r      =  4.409353  'reff + delr_p5'
     deltar = -0.003647  'delr_p5'
     sigma2 =  0.011720  'sig2_p5'

   Path preqbvbdg, Feff.dat file = Feff_Cu/feff0006.dat
     atom      x        y        z       ipot
      Cu       0.0000,  0.0000,  0.0000  0 (absorber)
      Cu       1.8016, -1.8016,  0.0000  1
      Cu       0.0000,  1.8016,  1.8016  1
     reff   =  4.75430
     degen  =  48.000000
     n*s02  =  0.957522 +/- 0.045614  's02'
     e0     =  3.363356 +/- 0.368929  'e0'
     r      =  4.750653  'reff + delr_p6'
     deltar = -0.003647  'delr_p6'
     sigma2 =  0.008166 +/- 0.001839  'sig2_p6'

   Path pc3xivrec, Feff.dat file = Feff_Cu/feff0007.dat
     atom      x        y        z       ipot
      Cu       0.0000,  0.0000,  0.0000  0 (absorber)
      Cu       1.8016,  3.6032, -1.8016  1
      Cu       1.8016,  1.8016,  0.0000  1
     reff   =  4.75430
     degen  =  96.000000
     n*s02  =  0.957522 +/- 0.045614  's02'
     e0     =  3.363356 +/- 0.368929  'e0'
     r      =  4.750653  'reff + delr_p6'
     deltar = -0.003647  'delr_p6'
     sigma2 =  0.011720  'sig2_p5'

   Path pd3ngmtjl, Feff.dat file = Feff_Cu/feff0008.dat
     atom      x        y        z       ipot
      Cu       0.0000,  0.0000,  0.0000  0 (absorber)
      Cu       0.0000,  3.6032, -3.6032  1
     reff   =  5.09570
     degen  =  12.000000
     n*s02  =  0.957522 +/- 0.045614  's02'
     e0     =  3.363356 +/- 0.368929  'e0'
     r      =  5.092053  'reff + delr_p6'
     deltar = -0.003647  'delr_p6'
     sigma2 =  0.011720  'sig2_p5'

   Path pbjkirsrl, Feff.dat file = Feff_Cu/feff0009.dat
     atom      x        y        z       ipot
      Cu       0.0000,  0.0000,  0.0000  0 (absorber)
      Cu       0.0000, -1.8016,  1.8016  1
      Cu       0.0000,  1.8016, -1.8016  1
     reff   =  5.09570
     degen  =  12.000000
     n*s02  =  0.957522 +/- 0.045614  's02'
     e0     =  3.363356 +/- 0.368929  'e0'
     r      =  5.092053  'reff + delr_p6'
     deltar = -0.003647  'delr_p6'
     sigma2 =  0.011720  'sig2_p5'

   Path pb6n3vhdn, Feff.dat file = Feff_Cu/feff0010.dat
     atom      x        y        z       ipot
      Cu       0.0000,  0.0000,  0.0000  0 (absorber)
      Cu       3.6032,  3.6032,  0.0000  1
      Cu       1.8016,  1.8016,  0.0000  1
     reff   =  5.09570
     degen  =  24.000000
     n*s02  =  0.957522 +/- 0.045614  's02'
     e0     =  3.363356 +/- 0.368929  'e0'
     r      =  5.092053  'reff + delr_p6'
     deltar = -0.003647  'delr_p6'
     sigma2 =  0.011720  'sig2_p5'

   Path pvvoioeht, Feff.dat file = Feff_Cu/feff0011.dat
     atom      x        y        z       ipot
      Cu       0.0000,  0.0000,  0.0000  0 (absorber)
      Cu      -1.8016,  1.8016,  0.0000  1
      Cu       0.0000,  0.0000,  0.0000  0 (absorber)
      Cu       1.8016, -1.8016,  0.0000  1
     reff   =  5.09570
     degen  =  12.000000
     n*s02  =  0.957522 +/- 0.045614  's02'
     e0     =  3.363356 +/- 0.368929  'e0'
     r      =  5.092053  'reff + delr_p6'
     deltar = -0.003647  'delr_p6'
     sigma2 =  0.011720  'sig2_p5'

   Path pxsp7djoq, Feff.dat file = Feff_Cu/feff0012.dat
     atom      x        y        z       ipot
      Cu       0.0000,  0.0000,  0.0000  0 (absorber)
      Cu       1.8016,  1.8016,  0.0000  1
      Cu       0.0000,  0.0000,  0.0000  0 (absorber)
      Cu       1.8016,  1.8016,  0.0000  1
     reff   =  5.09570
     degen  =  12.000000
     n*s02  =  0.957522 +/- 0.045614  's02'
     e0     =  3.363356 +/- 0.368929  'e0'
     r      =  5.092053  'reff + delr_p6'
     deltar = -0.003647  'delr_p6'
     sigma2 =  0.011720  'sig2_p5'

   Path p4xeuhbkb, Feff.dat file = Feff_Cu/feff0013.dat
     atom      x        y        z       ipot
      Cu       0.0000,  0.0000,  0.0000  0 (absorber)
      Cu      -1.8016,  0.0000,  1.8016  1
      Cu      -3.6032,  0.0000,  3.6032  1
      Cu      -1.8016,  0.0000,  1.8016  1
     reff   =  5.09570
     degen  =  12.000000
     n*s02  =  0.957522 +/- 0.045614  's02'
     e0     =  3.363356 +/- 0.368929  'e0'
     r      =  5.092053  'reff + delr_p5'
     deltar = -0.003647  'delr_p5'
     sigma2 =  0.011720  'sig2_p5'

=======================================================